#
# A fatal error has been detected by the Java Runtime Environment:
#
#  SIGSEGV (0xb) at pc=0x00007f3f0cf7e057, pid=4581, tid=0x00007f3f3be04700
#
# JRE version: Java(TM) SE Runtime Environment (8.0_171-b11) (build 1.8.0_171-b11)
# Java VM: Java HotSpot(TM) 64-Bit Server VM (25.171-b11 mixed mode linux-amd64 compressed oops)
# Problematic frame:
# C  [libqtjambi.so.1+0x21057]  qtjambishell_signals_cleanup(QtJambiSignalInfo*, int)+0x37
#
# Failed to write core dump. Core dumps have been disabled. To enable core dumping, try "ulimit -c unlimited" before starting Java again
#
# If you would like to submit a bug report, please visit:
#   http://bugreport.java.com/bugreport/crash.jsp
#

---------------  T H R E A D  ---------------

Current thread is native thread

siginfo: si_signo: 11 (SIGSEGV), si_code: 1 (SEGV_MAPERR), si_addr: 0x0000000000000000

Registers:
RAX=0x0000000000000000, RBX=0x00007f3f344401a0, RCX=0x0000000000000007, RDX=0x00007f3f340008d0
RSP=0x00007f3f3be039d0, RBP=0x0000000000000000, RSI=0x00007f3f34072bf8, RDI=0x00007f3f34539e20
R8 =0x000000000000ffff, R9 =0x0000000000000000, R10=0x00007f3f3b35e3a0, R11=0x000000000000000e
R12=0x00007f3f34440210, R13=0x00007f3f34372640, R14=0x00007f3edc004350, R15=0x00007f3f34389710
RIP=0x00007f3f0cf7e057, EFLAGS=0x0000000000010202, CSGSFS=0x002b000000000033, ERR=0x0000000000000004
  TRAPNO=0x000000000000000e

Top of Stack: (sp=0x00007f3f3be039d0)
0x00007f3f3be039d0:   00007f3f34389710 00007f3edc004350
0x00007f3f3be039e0:   00007f3f34389710 00007f3ee4b38ce0
0x00007f3f3be039f0:   00007f3f34389710 00007f3f34389710
0x00007f3f3be03a00:   00007f3edc004350 00007f3ee4b38d19
0x00007f3f3be03a10:   00007f3f34389710 00007f3f0e288898
0x00007f3f3be03a20:   00007f3f3400b800 00007f3f340042a0
0x00007f3f3be03a30:   00007f3f3be03a70 a604cdbdef3b4900
0x00007f3f3be03a40:   0000000000000002 0000000000000000
0x00007f3f3be03a50:   0000000000000000 0000000000000000
0x00007f3f3be03a60:   0000000000000000 0000000000000000
0x00007f3f3be03a70:   0000000000000000 0000000000000000
0x00007f3f3be03a80:   0000000000000000 0000000000000000
0x00007f3f3be03a90:   0000000000000000 0000000000000000
0x00007f3f3be03aa0:   0000000000000000 0000000000000000
0x00007f3f3be03ab0:   0000000000000000 0000000000000000
0x00007f3f3be03ac0:   0000000000000000 0000000000000000
0x00007f3f3be03ad0:   0000000000000000 0000000000000000
0x00007f3f3be03ae0:   0000000000000000 00007f3f3437faa0
0x00007f3f3be03af0:   00007f3edc004350 00007f3f34389710
0x00007f3f3be03b00:   00007f3f34372640 00007f3ee75545a3
0x00007f3f3be03b10:   0000000000000000 0000000000000000
0x00007f3f3be03b20:   0000000000000000 0000000000000000
0x00007f3f3be03b30:   0000000000000000 0000000000000000
0x00007f3f3be03b40:   0000000000000000 0000000000000000
0x00007f3f3be03b50:   0000000000000000 0000000000000000
0x00007f3f3be03b60:   0000000000000000 00007f3f34389710
0x00007f3f3be03b70:   00007f3edc004350 00007f3f3437faa0
0x00007f3f3be03b80:   00007f3f34372640 00007f3edc004350
0x00007f3f3be03b90:   00007f3f34389710 00007f3ee754f5dc
0x00007f3f3be03ba0:   00007f3f3be03d70 00007f3f34389710
0x00007f3f3be03bb0:   00007f3f34389710 00007f3f34389710
0x00007f3f3be03bc0:   00007f3f34372640 00007f3ee7555b1d 

Instructions: (pc=0x00007f3f0cf7e057)
0x00007f3f0cf7e037:   24 ff 48 89 c5 48 c1 e6 04 4c 8d 64 33 10 0f 1f
0x00007f3f0cf7e047:   00 48 83 7b 08 00 74 24 48 8b 33 48 85 f6 74 14
0x00007f3f0cf7e057:   48 8b 45 00 48 89 ef ff 90 18 07 00 00 48 c7 03
0x00007f3f0cf7e067:   00 00 00 00 48 c7 43 08 00 00 00 00 48 83 c3 10 

Register to memory mapping:

RAX=0x0000000000000000 is an unknown value
RBX=0x00007f3f344401a0 is an unknown value
RCX=0x0000000000000007 is an unknown value
RDX=0x00007f3f340008d0 is an unknown value
RSP=0x00007f3f3be039d0 is an unknown value
RBP=0x0000000000000000 is an unknown value
RSI=0x00007f3f34072bf8 is a weak global jni handle
RDI=0x00007f3f34539e20 is an unknown value
R8 =0x000000000000ffff is an unknown value
R9 =0x0000000000000000 is an unknown value
R10=0x00007f3f3b35e3a0: <offset 0x1863a0> in /lib/x86_64-linux-gnu/libc.so.6 at 0x00007f3f3b1d8000
R11=0x000000000000000e is an unknown value
R12=0x00007f3f34440210 is an unknown value
R13=0x00007f3f34372640 is an unknown value
R14=0x00007f3edc004350 is an unknown value
R15=0x00007f3f34389710 is an unknown value


Stack: [0x00007f3f3bd05000,0x00007f3f3be05000],  sp=0x00007f3f3be039d0,  free space=1018k
Native frames: (J=compiled Java code, j=interpreted, Vv=VM code, C=native code)
C  [libqtjambi.so.1+0x21057]  qtjambishell_signals_cleanup(QtJambiSignalInfo*, int)+0x37

[error occurred during error reporting (printing native stack), id 0xb]


---------------  P R O C E S S  ---------------

VM state:at safepoint (shutting down)

VM Mutex/Monitor currently owned by a thread:  ([mutex/lock_event])
[0x00007f3f34008060] Threads_lock - owner thread: 0x00007f3f34079800

Heap:
 PSYoungGen      total 36864K, used 1270K [0x00000000d6f00000, 0x00000000d9800000, 0x0000000100000000)
  eden space 31744K, 4% used [0x00000000d6f00000,0x00000000d703d950,0x00000000d8e00000)
  from space 5120K, 0% used [0x00000000d9300000,0x00000000d9300000,0x00000000d9800000)
  to   space 5120K, 0% used [0x00000000d8e00000,0x00000000d8e00000,0x00000000d9300000)
 ParOldGen       total 84992K, used 1060K [0x0000000084c00000, 0x0000000089f00000, 0x00000000d6f00000)
  object space 84992K, 1% used [0x0000000084c00000,0x0000000084d09370,0x0000000089f00000)
 Metaspace       used 7199K, capacity 7284K, committed 7552K, reserved 1056768K
  class space    used 763K, capacity 816K, committed 896K, reserved 1048576K

Card table byte_map: [0x00007f3f38601000,0x00007f3f389dc000] byte_map_base: 0x00007f3f381db000

Marking Bits: (ParMarkBitMap*) 0x00007f3f3b1ab280
 Begin Bits: [0x00007f3f1c260000, 0x00007f3f1e130000)
 End Bits:   [0x00007f3f1e130000, 0x00007f3f20000000)

Polling page: 0x00007f3f3be28000

CodeCache: size=245760Kb used=2082Kb max_used=2082Kb free=243677Kb
 bounds [0x00007f3f25000000, 0x00007f3f25270000, 0x00007f3f34000000]
 total_blobs=690 nmethods=389 adapters=215
 compilation: enabled

Compilation events (10 events):
Event: 1,661 Thread 0x00007f3f340bf000  386       3       java.lang.ref.Finalizer::access$000 (4 bytes)
Event: 1,661 Thread 0x00007f3f340bf000 nmethod 386 0x00007f3f25203e90 code [0x00007f3f25203fe0, 0x00007f3f25204110]
Event: 1,661 Thread 0x00007f3f340bf000  385       3       java.lang.ref.Finalizer::access$100 (6 bytes)
Event: 1,661 Thread 0x00007f3f340bf000 nmethod 385 0x00007f3f25203b10 code [0x00007f3f25203c80, 0x00007f3f25203de8]
Event: 1,661 Thread 0x00007f3f340bf000  387   !   3       java.lang.ref.Finalizer::runFinalizer (62 bytes)
Event: 1,662 Thread 0x00007f3f340bf000 nmethod 387 0x00007f3f25202e50 code [0x00007f3f25203000, 0x00007f3f25203878]
Event: 1,662 Thread 0x00007f3f340bf000  388       3       java.lang.ref.Finalizer::hasBeenFinalized (14 bytes)
Event: 1,662 Thread 0x00007f3f340bf000 nmethod 388 0x00007f3f25202ad0 code [0x00007f3f25202c40, 0x00007f3f25202df0]
Event: 1,662 Thread 0x00007f3f340bf000  389   !   3       java.lang.ref.Finalizer::remove (94 bytes)
Event: 1,662 Thread 0x00007f3f340bf000 nmethod 389 0x00007f3f25208d50 code [0x00007f3f25208ee0, 0x00007f3f252093b0]

GC Heap History (8 events):
Event: 1,645 GC heap before
{Heap before GC invocations=1 (full 0):
 PSYoungGen      total 36864K, used 11523K [0x00000000d6f00000, 0x00000000d9800000, 0x0000000100000000)
  eden space 31744K, 36% used [0x00000000d6f00000,0x00000000d7a40cb8,0x00000000d8e00000)
  from space 5120K, 0% used [0x00000000d9300000,0x00000000d9300000,0x00000000d9800000)
  to   space 5120K, 0% used [0x00000000d8e00000,0x00000000d8e00000,0x00000000d9300000)
 ParOldGen       total 84992K, used 0K [0x0000000084c00000, 0x0000000089f00000, 0x00000000d6f00000)
  object space 84992K, 0% used [0x0000000084c00000,0x0000000084c00000,0x0000000089f00000)
 Metaspace       used 7146K, capacity 7252K, committed 7552K, reserved 1056768K
  class space    used 756K, capacity 784K, committed 896K, reserved 1048576K
Event: 1,648 GC heap after
Heap after GC invocations=1 (full 0):
 PSYoungGen      total 36864K, used 3023K [0x00000000d6f00000, 0x00000000d9800000, 0x0000000100000000)
  eden space 31744K, 0% used [0x00000000d6f00000,0x00000000d6f00000,0x00000000d8e00000)
  from space 5120K, 59% used [0x00000000d8e00000,0x00000000d90f3c00,0x00000000d9300000)
  to   space 5120K, 0% used [0x00000000d9300000,0x00000000d9300000,0x00000000d9800000)
 ParOldGen       total 84992K, used 72K [0x0000000084c00000, 0x0000000089f00000, 0x00000000d6f00000)
  object space 84992K, 0% used [0x0000000084c00000,0x0000000084c12010,0x0000000089f00000)
 Metaspace       used 7146K, capacity 7252K, committed 7552K, reserved 1056768K
  class space    used 756K, capacity 784K, committed 896K, reserved 1048576K
}
Event: 1,648 GC heap before
{Heap before GC invocations=2 (full 1):
 PSYoungGen      total 36864K, used 3023K [0x00000000d6f00000, 0x00000000d9800000, 0x0000000100000000)
  eden space 31744K, 0% used [0x00000000d6f00000,0x00000000d6f00000,0x00000000d8e00000)
  from space 5120K, 59% used [0x00000000d8e00000,0x00000000d90f3c00,0x00000000d9300000)
  to   space 5120K, 0% used [0x00000000d9300000,0x00000000d9300000,0x00000000d9800000)
 ParOldGen       total 84992K, used 72K [0x0000000084c00000, 0x0000000089f00000, 0x00000000d6f00000)
  object space 84992K, 0% used [0x0000000084c00000,0x0000000084c12010,0x0000000089f00000)
 Metaspace       used 7146K, capacity 7252K, committed 7552K, reserved 1056768K
  class space    used 756K, capacity 784K, committed 896K, reserved 1048576K
Event: 1,657 GC heap after
Heap after GC invocations=2 (full 1):
 PSYoungGen      total 36864K, used 0K [0x00000000d6f00000, 0x00000000d9800000, 0x0000000100000000)
  eden space 31744K, 0% used [0x00000000d6f00000,0x00000000d6f00000,0x00000000d8e00000)
  from space 5120K, 0% used [0x00000000d8e00000,0x00000000d8e00000,0x00000000d9300000)
  to   space 5120K, 0% used [0x00000000d9300000,0x00000000d9300000,0x00000000d9800000)
 ParOldGen       total 84992K, used 2813K [0x0000000084c00000, 0x0000000089f00000, 0x00000000d6f00000)
  object space 84992K, 3% used [0x0000000084c00000,0x0000000084ebf458,0x0000000089f00000)
 Metaspace       used 7146K, capacity 7252K, committed 7552K, reserved 1056768K
  class space    used 756K, capacity 784K, committed 896K, reserved 1048576K
}
Event: 1,662 GC heap before
{Heap before GC invocations=3 (full 1):
 PSYoungGen      total 36864K, used 2116K [0x00000000d6f00000, 0x00000000d9800000, 0x0000000100000000)
  eden space 31744K, 6% used [0x00000000d6f00000,0x00000000d71111b0,0x00000000d8e00000)
  from space 5120K, 0% used [0x00000000d8e00000,0x00000000d8e00000,0x00000000d9300000)
  to   space 5120K, 0% used [0x00000000d9300000,0x00000000d9300000,0x00000000d9800000)
 ParOldGen       total 84992K, used 2813K [0x0000000084c00000, 0x0000000089f00000, 0x00000000d6f00000)
  object space 84992K, 3% used [0x0000000084c00000,0x0000000084ebf458,0x0000000089f00000)
 Metaspace       used 7199K, capacity 7284K, committed 7552K, reserved 1056768K
  class space    used 763K, capacity 816K, committed 896K, reserved 1048576K
Event: 1,663 GC heap after
Heap after GC invocations=3 (full 1):
 PSYoungGen      total 36864K, used 128K [0x00000000d6f00000, 0x00000000d9800000, 0x0000000100000000)
  eden space 31744K, 0% used [0x00000000d6f00000,0x00000000d6f00000,0x00000000d8e00000)
  from space 5120K, 2% used [0x00000000d9300000,0x00000000d9320000,0x00000000d9800000)
  to   space 5120K, 0% used [0x00000000d8e00000,0x00000000d8e00000,0x00000000d9300000)
 ParOldGen       total 84992K, used 2813K [0x0000000084c00000, 0x0000000089f00000, 0x00000000d6f00000)
  object space 84992K, 3% used [0x0000000084c00000,0x0000000084ebf458,0x0000000089f00000)
 Metaspace       used 7199K, capacity 7284K, committed 7552K, reserved 1056768K
  class space    used 763K, capacity 816K, committed 896K, reserved 1048576K
}
Event: 1,663 GC heap before
{Heap before GC invocations=4 (full 2):
 PSYoungGen      total 36864K, used 128K [0x00000000d6f00000, 0x00000000d9800000, 0x0000000100000000)
  eden space 31744K, 0% used [0x00000000d6f00000,0x00000000d6f00000,0x00000000d8e00000)
  from space 5120K, 2% used [0x00000000d9300000,0x00000000d9320000,0x00000000d9800000)
  to   space 5120K, 0% used [0x00000000d8e00000,0x00000000d8e00000,0x00000000d9300000)
 ParOldGen       total 84992K, used 2813K [0x0000000084c00000, 0x0000000089f00000, 0x00000000d6f00000)
  object space 84992K, 3% used [0x0000000084c00000,0x0000000084ebf458,0x0000000089f00000)
 Metaspace       used 7199K, capacity 7284K, committed 7552K, reserved 1056768K
  class space    used 763K, capacity 816K, committed 896K, reserved 1048576K
Event: 1,675 GC heap after
Heap after GC invocations=4 (full 2):
 PSYoungGen      total 36864K, used 0K [0x00000000d6f00000, 0x00000000d9800000, 0x0000000100000000)
  eden space 31744K, 0% used [0x00000000d6f00000,0x00000000d6f00000,0x00000000d8e00000)
  from space 5120K, 0% used [0x00000000d9300000,0x00000000d9300000,0x00000000d9800000)
  to   space 5120K, 0% used [0x00000000d8e00000,0x00000000d8e00000,0x00000000d9300000)
 ParOldGen       total 84992K, used 1060K [0x0000000084c00000, 0x0000000089f00000, 0x00000000d6f00000)
  object space 84992K, 1% used [0x0000000084c00000,0x0000000084d09370,0x0000000089f00000)
 Metaspace       used 7199K, capacity 7284K, committed 7552K, reserved 1056768K
  class space    used 763K, capacity 816K, committed 896K, reserved 1048576K
}

Deoptimization events (0 events):
No events

Classes redefined (0 events):
No events

Internal exceptions (10 events):
Event: 0,043 Thread 0x00007f3f3400b800 Exception <a 'java/lang/NoSuchMethodError': Method sun.misc.Unsafe.defineClass(Ljava/lang/String;[BII)Ljava/lang/Class; name or signature does not match> (0x00000000d6f07cb0) thrown at [/HUDSON/workspace/8-2-build-linux-amd64/jdk8u171/10807/hotspot/src/sh
Event: 0,043 Thread 0x00007f3f3400b800 Exception <a 'java/lang/NoSuchMethodError': Method sun.misc.Unsafe.prefetchRead(Ljava/lang/Object;J)V name or signature does not match> (0x00000000d6f07f98) thrown at [/HUDSON/workspace/8-2-build-linux-amd64/jdk8u171/10807/hotspot/src/share/vm/prims/jni.c
Event: 0,173 Thread 0x00007f3f3400b800 Exception <a 'java/security/PrivilegedActionException'> (0x00000000d70b7bc8) thrown at [/HUDSON/workspace/8-2-build-linux-amd64/jdk8u171/10807/hotspot/src/share/vm/prims/jvm.cpp, line 1435]
Event: 0,173 Thread 0x00007f3f3400b800 Exception <a 'java/security/PrivilegedActionException'> (0x00000000d70b7dd8) thrown at [/HUDSON/workspace/8-2-build-linux-amd64/jdk8u171/10807/hotspot/src/share/vm/prims/jvm.cpp, line 1435]
Event: 0,173 Thread 0x00007f3f3400b800 Exception <a 'java/security/PrivilegedActionException'> (0x00000000d70ba240) thrown at [/HUDSON/workspace/8-2-build-linux-amd64/jdk8u171/10807/hotspot/src/share/vm/prims/jvm.cpp, line 1435]
Event: 0,174 Thread 0x00007f3f3400b800 Exception <a 'java/security/PrivilegedActionException'> (0x00000000d70ba450) thrown at [/HUDSON/workspace/8-2-build-linux-amd64/jdk8u171/10807/hotspot/src/share/vm/prims/jvm.cpp, line 1435]
Event: 1,544 Thread 0x00007f3f3400b800 Exception <a 'java/lang/ArrayIndexOutOfBoundsException'> (0x00000000d77bfba0) thrown at [/HUDSON/workspace/8-2-build-linux-amd64/jdk8u171/10807/hotspot/src/share/vm/runtime/sharedRuntime.cpp, line 605]
Event: 1,544 Thread 0x00007f3f3400b800 Exception <a 'java/lang/ArrayIndexOutOfBoundsException'> (0x00000000d77c0a48) thrown at [/HUDSON/workspace/8-2-build-linux-amd64/jdk8u171/10807/hotspot/src/share/vm/runtime/sharedRuntime.cpp, line 605]
Event: 1,545 Thread 0x00007f3f3400b800 Exception <a 'java/lang/ArrayIndexOutOfBoundsException'> (0x00000000d77cb468) thrown at [/HUDSON/workspace/8-2-build-linux-amd64/jdk8u171/10807/hotspot/src/share/vm/runtime/sharedRuntime.cpp, line 605]
Event: 1,662 Thread 0x00007f3f34204800 Exception <a 'java/lang/InterruptedException': sleep interrupted> (0x00000000d7072668) thrown at [/HUDSON/workspace/8-2-build-linux-amd64/jdk8u171/10807/hotspot/src/share/vm/prims/jvm.cpp, line 3273]

Events (10 events):
Event: 1,661 loading class java/util/concurrent/locks/ReentrantReadWriteLock$ReadLock done
Event: 1,661 loading class java/util/concurrent/locks/ReentrantReadWriteLock$WriteLock
Event: 1,661 loading class java/util/concurrent/locks/ReentrantReadWriteLock$WriteLock done
Event: 1,662 Thread 0x00007f3f34204800 Thread exited: 0x00007f3f34204800
Event: 1,662 Executing VM operation: ParallelGCSystemGC
Event: 1,675 Executing VM operation: ParallelGCSystemGC done
Event: 1,675 Thread 0x00007f3edc00a800 Thread added: 0x00007f3edc00a800
Event: 1,675 Thread 0x00007f3edc00a800 Thread exited: 0x00007f3edc00a800
Event: 1,675 Thread 0x00007f3f345b7000 Thread exited: 0x00007f3f345b7000
Event: 1,675 Thread 0x00007f3f3400b800 Thread exited: 0x00007f3f3400b800


Dynamic libraries:
00400000-00401000 r-xp 00000000 08:06 538344                             /usr/lib/jvm/java-8-oracle/bin/java
00600000-00601000 rw-p 00000000 08:06 538344                             /usr/lib/jvm/java-8-oracle/bin/java
01731000-01752000 rw-p 00000000 00:00 0                                  [heap]
84c00000-89f00000 rw-p 00000000 00:00 0 
89f00000-d6f00000 ---p 00000000 00:00 0 
d6f00000-d9800000 rw-p 00000000 00:00 0 
d9800000-100000000 ---p 00000000 00:00 0 
100000000-1000e0000 rw-p 00000000 00:00 0 
1000e0000-140000000 ---p 00000000 00:00 0 
7f3ed4000000-7f3ed4021000 rw-p 00000000 00:00 0 
7f3ed4021000-7f3ed8000000 ---p 00000000 00:00 0 
7f3edbeff000-7f3edbf02000 ---p 00000000 00:00 0 
7f3edbf02000-7f3edc000000 rw-p 00000000 00:00 0 
7f3edc000000-7f3edc038000 rw-p 00000000 00:00 0 
7f3edc038000-7f3ee0000000 ---p 00000000 00:00 0 
7f3ee0000000-7f3ee0021000 rw-p 00000000 00:00 0 
7f3ee0021000-7f3ee4000000 ---p 00000000 00:00 0 
7f3ee4019000-7f3ee401c000 ---p 00000000 00:00 0 
7f3ee401c000-7f3ee411a000 rw-p 00000000 00:00 0 
7f3ee411a000-7f3ee41d3000 r--p 00000000 08:06 919006                     /usr/share/fonts/truetype/dejavu/DejaVuSans.ttf
7f3ee41d3000-7f3ee41d9000 r-xp 00000000 08:06 1449909                    /tmp/QtJambi_florent_amd64_4.8.6_gcc-20150115-1633/plugins/inputmethods/libqimsw-multi.so
7f3ee41d9000-7f3ee43d8000 ---p 00006000 08:06 1449909                    /tmp/QtJambi_florent_amd64_4.8.6_gcc-20150115-1633/plugins/inputmethods/libqimsw-multi.so
7f3ee43d8000-7f3ee43d9000 rw-p 00005000 08:06 1449909                    /tmp/QtJambi_florent_amd64_4.8.6_gcc-20150115-1633/plugins/inputmethods/libqimsw-multi.so
7f3ee43d9000-7f3ee43dc000 r-xp 00000000 08:06 682746                     /usr/lib/x86_64-linux-gnu/gconv/UTF-16.so
7f3ee43dc000-7f3ee45db000 ---p 00003000 08:06 682746                     /usr/lib/x86_64-linux-gnu/gconv/UTF-16.so
7f3ee45db000-7f3ee45dc000 r--p 00002000 08:06 682746                     /usr/lib/x86_64-linux-gnu/gconv/UTF-16.so
7f3ee45dc000-7f3ee45dd000 rw-p 00003000 08:06 682746                     /usr/lib/x86_64-linux-gnu/gconv/UTF-16.so
7f3ee45dd000-7f3ee50e8000 r-xp 00000000 08:06 1449927                    /tmp/QtJambi_florent_amd64_4.8.6_gcc-20150115-1633/lib/libcom_trolltech_qt_gui.so.1
7f3ee50e8000-7f3ee52e7000 ---p 00b0b000 08:06 1449927                    /tmp/QtJambi_florent_amd64_4.8.6_gcc-20150115-1633/lib/libcom_trolltech_qt_gui.so.1
7f3ee52e7000-7f3ee5341000 rw-p 00b0a000 08:06 1449927                    /tmp/QtJambi_florent_amd64_4.8.6_gcc-20150115-1633/lib/libcom_trolltech_qt_gui.so.1
7f3ee5341000-7f3ee5348000 rw-p 00000000 00:00 0 
7f3ee5348000-7f3ee534d000 r-xp 00000000 08:06 405257                     /usr/lib/x86_64-linux-gnu/libXdmcp.so.6.0.0
7f3ee534d000-7f3ee554c000 ---p 00005000 08:06 405257                     /usr/lib/x86_64-linux-gnu/libXdmcp.so.6.0.0
7f3ee554c000-7f3ee554d000 r--p 00004000 08:06 405257                     /usr/lib/x86_64-linux-gnu/libXdmcp.so.6.0.0
7f3ee554d000-7f3ee554e000 rw-p 00005000 08:06 405257                     /usr/lib/x86_64-linux-gnu/libXdmcp.so.6.0.0
7f3ee554e000-7f3ee5550000 r-xp 00000000 08:06 403120                     /usr/lib/x86_64-linux-gnu/libXau.so.6.0.0
7f3ee5550000-7f3ee5750000 ---p 00002000 08:06 403120                     /usr/lib/x86_64-linux-gnu/libXau.so.6.0.0
7f3ee5750000-7f3ee5751000 r--p 00002000 08:06 403120                     /usr/lib/x86_64-linux-gnu/libXau.so.6.0.0
7f3ee5751000-7f3ee5752000 rw-p 00003000 08:06 403120                     /usr/lib/x86_64-linux-gnu/libXau.so.6.0.0
7f3ee5752000-7f3ee5778000 r-xp 00000000 08:06 405260                     /usr/lib/x86_64-linux-gnu/libxcb.so.1.1.0
7f3ee5778000-7f3ee5978000 ---p 00026000 08:06 405260                     /usr/lib/x86_64-linux-gnu/libxcb.so.1.1.0
7f3ee5978000-7f3ee5979000 r--p 00026000 08:06 405260                     /usr/lib/x86_64-linux-gnu/libxcb.so.1.1.0
7f3ee5979000-7f3ee597a000 rw-p 00027000 08:06 405260                     /usr/lib/x86_64-linux-gnu/libxcb.so.1.1.0
7f3ee597a000-7f3ee59a9000 r-xp 00000000 08:06 135391                     /lib/x86_64-linux-gnu/libexpat.so.1.6.7
7f3ee59a9000-7f3ee5ba9000 ---p 0002f000 08:06 135391                     /lib/x86_64-linux-gnu/libexpat.so.1.6.7
7f3ee5ba9000-7f3ee5bab000 r--p 0002f000 08:06 135391                     /lib/x86_64-linux-gnu/libexpat.so.1.6.7
7f3ee5bab000-7f3ee5bac000 rw-p 00031000 08:06 135391                     /lib/x86_64-linux-gnu/libexpat.so.1.6.7
7f3ee5bac000-7f3ee5bbf000 r-xp 00000000 08:06 132522                     /lib/x86_64-linux-gnu/libbsd.so.0.8.7
7f3ee5bbf000-7f3ee5dbe000 ---p 00013000 08:06 132522                     /lib/x86_64-linux-gnu/libbsd.so.0.8.7
7f3ee5dbe000-7f3ee5dbf000 r--p 00012000 08:06 132522                     /lib/x86_64-linux-gnu/libbsd.so.0.8.7
7f3ee5dbf000-7f3ee5dc0000 rw-p 00013000 08:06 132522                     /lib/x86_64-linux-gnu/libbsd.so.0.8.7
7f3ee5dc0000-7f3ee5dc1000 rw-p 00000000 00:00 0 
7f3ee5dc1000-7f3ee5dc7000 r-xp 00000000 08:06 138238                     /lib/x86_64-linux-gnu/libuuid.so.1.3.0
7f3ee5dc7000-7f3ee5fc6000 ---p 00006000 08:06 138238                     /lib/x86_64-linux-gnu/libuuid.so.1.3.0
7f3ee5fc6000-7f3ee5fc7000 r--p 00005000 08:06 138238                     /lib/x86_64-linux-gnu/libuuid.so.1.3.0
7f3ee5fc7000-7f3ee5fc8000 rw-p 00006000 08:06 138238                     /lib/x86_64-linux-gnu/libuuid.so.1.3.0
7f3ee5fc8000-7f3ee60fc000 r-xp 00000000 08:06 405274                     /usr/lib/x86_64-linux-gnu/libX11.so.6.3.0
7f3ee60fc000-7f3ee62fc000 ---p 00134000 08:06 405274                     /usr/lib/x86_64-linux-gnu/libX11.so.6.3.0
7f3ee62fc000-7f3ee62fd000 r--p 00134000 08:06 405274                     /usr/lib/x86_64-linux-gnu/libX11.so.6.3.0
7f3ee62fd000-7f3ee6301000 rw-p 00135000 08:06 405274                     /usr/lib/x86_64-linux-gnu/libX11.so.6.3.0
7f3ee6301000-7f3ee6312000 r-xp 00000000 08:06 403133                     /usr/lib/x86_64-linux-gnu/libXext.so.6.4.0
7f3ee6312000-7f3ee6511000 ---p 00011000 08:06 403133                     /usr/lib/x86_64-linux-gnu/libXext.so.6.4.0
7f3ee6511000-7f3ee6512000 r--p 00010000 08:06 403133                     /usr/lib/x86_64-linux-gnu/libXext.so.6.4.0
7f3ee6512000-7f3ee6513000 rw-p 00011000 08:06 403133                     /usr/lib/x86_64-linux-gnu/libXext.so.6.4.0
7f3ee6513000-7f3ee6551000 r-xp 00000000 08:06 395102                     /usr/lib/x86_64-linux-gnu/libfontconfig.so.1.10.1
7f3ee6551000-7f3ee6751000 ---p 0003e000 08:06 395102                     /usr/lib/x86_64-linux-gnu/libfontconfig.so.1.10.1
7f3ee6751000-7f3ee6753000 r--p 0003e000 08:06 395102                     /usr/lib/x86_64-linux-gnu/libfontconfig.so.1.10.1
7f3ee6753000-7f3ee6758000 rw-p 00040000 08:06 395102                     /usr/lib/x86_64-linux-gnu/libfontconfig.so.1.10.1
7f3ee6758000-7f3ee675a000 r-xp 00000000 08:06 403143                     /usr/lib/x86_64-linux-gnu/libXinerama.so.1.0.0
7f3ee675a000-7f3ee6959000 ---p 00002000 08:06 403143                     /usr/lib/x86_64-linux-gnu/libXinerama.so.1.0.0
7f3ee6959000-7f3ee695a000 r--p 00001000 08:06 403143                     /usr/lib/x86_64-linux-gnu/libXinerama.so.1.0.0
7f3ee695a000-7f3ee695b000 rw-p 00002000 08:06 403143                     /usr/lib/x86_64-linux-gnu/libXinerama.so.1.0.0
7f3ee695b000-7f3ee6964000 r-xp 00000000 08:06 398516                     /usr/lib/x86_64-linux-gnu/libXcursor.so.1.0.2
7f3ee6964000-7f3ee6b63000 ---p 00009000 08:06 398516                     /usr/lib/x86_64-linux-gnu/libXcursor.so.1.0.2
7f3ee6b63000-7f3ee6b64000 r--p 00008000 08:06 398516                     /usr/lib/x86_64-linux-gnu/libXcursor.so.1.0.2
7f3ee6b64000-7f3ee6b65000 rw-p 00009000 08:06 398516                     /usr/lib/x86_64-linux-gnu/libXcursor.so.1.0.2
7f3ee6b65000-7f3ee6b6a000 r-xp 00000000 08:06 403128                     /usr/lib/x86_64-linux-gnu/libXfixes.so.3.1.0
7f3ee6b6a000-7f3ee6d69000 ---p 00005000 08:06 403128                     /usr/lib/x86_64-linux-gnu/libXfixes.so.3.1.0
7f3ee6d69000-7f3ee6d6a000 r--p 00004000 08:06 403128                     /usr/lib/x86_64-linux-gnu/libXfixes.so.3.1.0
7f3ee6d6a000-7f3ee6d6b000 rw-p 00005000 08:06 403128                     /usr/lib/x86_64-linux-gnu/libXfixes.so.3.1.0
7f3ee6d6b000-7f3ee6d75000 r-xp 00000000 08:06 399694                     /usr/lib/x86_64-linux-gnu/libXrandr.so.2.2.0
7f3ee6d75000-7f3ee6f74000 ---p 0000a000 08:06 399694                     /usr/lib/x86_64-linux-gnu/libXrandr.so.2.2.0
7f3ee6f74000-7f3ee6f75000 r--p 00009000 08:06 399694                     /usr/lib/x86_64-linux-gnu/libXrandr.so.2.2.0
7f3ee6f75000-7f3ee6f76000 rw-p 0000a000 08:06 399694                     /usr/lib/x86_64-linux-gnu/libXrandr.so.2.2.0
7f3ee6f76000-7f3ee6f7f000 r-xp 00000000 08:06 404487                     /usr/lib/x86_64-linux-gnu/libXrender.so.1.3.0
7f3ee6f7f000-7f3ee717e000 ---p 00009000 08:06 404487                     /usr/lib/x86_64-linux-gnu/libXrender.so.1.3.0
7f3ee717e000-7f3ee717f000 r--p 00008000 08:06 404487                     /usr/lib/x86_64-linux-gnu/libXrender.so.1.3.0
7f3ee717f000-7f3ee7180000 rw-p 00009000 08:06 404487                     /usr/lib/x86_64-linux-gnu/libXrender.so.1.3.0
7f3ee7180000-7f3ee718f000 r-xp 00000000 08:06 403824                     /usr/lib/x86_64-linux-gnu/libXi.so.6.1.0
7f3ee718f000-7f3ee738e000 ---p 0000f000 08:06 403824                     /usr/lib/x86_64-linux-gnu/libXi.so.6.1.0
7f3ee738e000-7f3ee738f000 r--p 0000e000 08:06 403824                     /usr/lib/x86_64-linux-gnu/libXi.so.6.1.0
7f3ee738f000-7f3ee7390000 rw-p 0000f000 08:06 403824                     /usr/lib/x86_64-linux-gnu/libXi.so.6.1.0
7f3ee7390000-7f3ee7db6000 r-xp 00000000 08:06 1449872                    /tmp/QtJambi_florent_amd64_4.8.6_gcc-20150115-1633/lib/libQtGui.so.4
7f3ee7db6000-7f3ee7fb5000 ---p 00a26000 08:06 1449872                    /tmp/QtJambi_florent_amd64_4.8.6_gcc-20150115-1633/lib/libQtGui.so.4
7f3ee7fb5000-7f3ee7ffd000 rw-p 00a25000 08:06 1449872                    /tmp/QtJambi_florent_amd64_4.8.6_gcc-20150115-1633/lib/libQtGui.so.4
7f3ee7ffd000-7f3ee8000000 rw-p 00000000 00:00 0 
7f3ee8000000-7f3ee8021000 rw-p 00000000 00:00 0 
7f3ee8021000-7f3eec000000 ---p 00000000 00:00 0 
7f3eec000000-7f3eec021000 rw-p 00000000 00:00 0 
7f3eec021000-7f3ef0000000 ---p 00000000 00:00 0 
7f3ef0000000-7f3ef02bd000 rw-p 00000000 00:00 0 
7f3ef02bd000-7f3ef4000000 ---p 00000000 00:00 0 
7f3ef4000000-7f3ef425e000 rw-p 00000000 00:00 0 
7f3ef425e000-7f3ef8000000 ---p 00000000 00:00 0 
7f3ef8000000-7f3ef8021000 rw-p 00000000 00:00 0 
7f3ef8021000-7f3efc000000 ---p 00000000 00:00 0 
7f3efc000000-7f3efc27a000 rw-p 00000000 00:00 0 
7f3efc27a000-7f3f00000000 ---p 00000000 00:00 0 
7f3f00000000-7f3f00021000 rw-p 00000000 00:00 0 
7f3f00021000-7f3f04000000 ---p 00000000 00:00 0 
7f3f04000000-7f3f04021000 rw-p 00000000 00:00 0 
7f3f04021000-7f3f08000000 ---p 00000000 00:00 0 
7f3f08000000-7f3f08021000 rw-p 00000000 00:00 0 
7f3f08021000-7f3f0c000000 ---p 00000000 00:00 0 
7f3f0c057000-7f3f0c05b000 r--s 00000000 08:06 801214                     /var/cache/fontconfig/6aa41aa22e18b8fa06a12da28ea9c28b-le64.cache-7
7f3f0c05b000-7f3f0c066000 r--s 00000000 08:06 790184                     /var/cache/fontconfig/945677eb7aeaf62f1d50efc3fb3ec7d8-le64.cache-7
7f3f0c066000-7f3f0c06b000 r--s 00000000 08:06 801210                     /var/cache/fontconfig/2300eef321c393bfd76478a5c0e95b23-le64.cache-7
7f3f0c06b000-7f3f0c06c000 r--s 00000000 08:06 801209                     /var/cache/fontconfig/0d8c3b2ac0904cb8a57a757ad11a4a08-le64.cache-7
7f3f0c06c000-7f3f0c081000 r--s 00000000 08:06 801208                     /var/cache/fontconfig/04aabc0a78ac019cf9454389977116d2-le64.cache-7
7f3f0c081000-7f3f0c082000 r--s 00000000 08:06 801207                     /var/cache/fontconfig/1ac9eb803944fde146138c791f5cc56a-le64.cache-7
7f3f0c082000-7f3f0c086000 r--s 00000000 08:06 801206                     /var/cache/fontconfig/385c0604a188198f04d133e54aba7fe7-le64.cache-7
7f3f0c086000-7f3f0c087000 r--s 00000000 08:06 801205                     /var/cache/fontconfig/dc05db6664285cc2f12bf69c139ae4c3-le64.cache-7
7f3f0c087000-7f3f0c089000 r--s 00000000 08:06 801204                     /var/cache/fontconfig/14a5e22175779b556eaa434240950366-le64.cache-7
7f3f0c089000-7f3f0c08a000 r--s 00000000 08:06 801203                     /var/cache/fontconfig/660208299946a285a940457d1287da33-le64.cache-7
7f3f0c08a000-7f3f0c08c000 r--s 00000000 08:06 801202                     /var/cache/fontconfig/4f3e3037c9980c83b53a9351efadef62-le64.cache-7
7f3f0c08c000-7f3f0c08e000 r--s 00000000 08:06 801201                     /var/cache/fontconfig/767a8244fc0220cfb567a839d0392e0b-le64.cache-7
7f3f0c08e000-7f3f0c08f000 r--s 00000000 08:06 801200                     /var/cache/fontconfig/4794a0821666d79190d59a36cb4f44b5-le64.cache-7
7f3f0c08f000-7f3f0c091000 r--s 00000000 08:06 801199                     /var/cache/fontconfig/0bd3dc0958fa2205aaaa8ebb13e2872b-le64.cache-7
7f3f0c091000-7f3f0c098000 r--s 00000000 08:06 801198                     /var/cache/fontconfig/8801497958630a81b71ace7c5f9b32a8-le64.cache-7
7f3f0c098000-7f3f0c0d3000 r--s 00000000 08:06 801197                     /var/cache/fontconfig/365b55f210c0a22e9a19e35191240f32-le64.cache-7
7f3f0c0d3000-7f3f0c0d8000 r--s 00000000 08:06 801196                     /var/cache/fontconfig/def309198bfa603429122923fa2bb2d4-le64.cache-7
7f3f0c0d8000-7f3f0c0d9000 r--s 00000000 08:06 801195                     /var/cache/fontconfig/b872e6e592da6075ffa4ab0a1fcc0c75-le64.cache-7
7f3f0c0d9000-7f3f0c0da000 r--s 00000000 08:06 801194                     /var/cache/fontconfig/f6d4eedfaab2589bde49f7a3ff831d22-le64.cache-7
7f3f0c0da000-7f3f0c0db000 r--s 00000000 08:06 801193                     /var/cache/fontconfig/589f83ef4c36d296ce6e1c846f468f08-le64.cache-7
7f3f0c0db000-7f3f0c0dc000 r--s 00000000 08:06 801192                     /var/cache/fontconfig/bab58bb527bb656aaa9f116d68a48d89-le64.cache-7
7f3f0c0dc000-7f3f0c0dd000 r--s 00000000 08:06 801191                     /var/cache/fontconfig/2171a34dccabdb6bcbbc728186263178-le64.cache-7
7f3f0c0dd000-7f3f0c0de000 r--s 00000000 08:06 801190                     /var/cache/fontconfig/c5c45a61289222e0d30b1a26ef4effbe-le64.cache-7
7f3f0c0de000-7f3f0c0df000 r--s 00000000 08:06 801189                     /var/cache/fontconfig/aec30016f93e1b46d1a973dce0d74068-le64.cache-7
7f3f0c0df000-7f3f0c0e0000 r--s 00000000 08:06 801188                     /var/cache/fontconfig/3f589640d34b7dc9042c8d453f7c8b9c-le64.cache-7
7f3f0c0e0000-7f3f0c0e1000 r--s 00000000 08:06 801187                     /var/cache/fontconfig/16c2fda60d1b4b719f4b3d06fd951d25-le64.cache-7
7f3f0c0e1000-7f3f0c0e2000 r--s 00000000 08:06 801186                     /var/cache/fontconfig/a48eab177a16e4f3713381162db2f3e9-le64.cache-7
7f3f0c0e2000-7f3f0c0e3000 r--s 00000000 08:06 801185                     /var/cache/fontconfig/564b2e68ac9bc4e36a6f7f6d6125ec1c-le64.cache-7
7f3f0c0e3000-7f3f0c0e8000 r--s 00000000 08:06 801184                     /var/cache/fontconfig/9d2451b1fd30e5bffe8383fd27c35478-le64.cache-7
7f3f0c0e8000-7f3f0c0ee000 r--s 00000000 08:06 801183                     /var/cache/fontconfig/3047814df9a2f067bd2d96a2b9c36e5a-le64.cache-7
7f3f0c0ee000-7f3f0c0f6000 r--s 00000000 08:06 801182                     /var/cache/fontconfig/bf3b770c553c462765856025a94f1ce6-le64.cache-7
7f3f0c0f6000-7f3f0c0f7000 r--s 00000000 08:06 801181                     /var/cache/fontconfig/56cf4f4769d0f4abc89a4895d7bd3ae1-le64.cache-7
7f3f0c0f7000-7f3f0c0f8000 r--s 00000000 08:06 801180                     /var/cache/fontconfig/b9d506c9ac06c20b433354fa67a72993-le64.cache-7
7f3f0c0f8000-7f3f0c0fe000 r--s 00000000 08:06 801179                     /var/cache/fontconfig/b47c4e1ecd0709278f4910c18777a504-le64.cache-7
7f3f0c0fe000-7f3f0c101000 r--s 00000000 08:06 801178                     /var/cache/fontconfig/e49e89034d371f0f9de17aab02136486-le64.cache-7
7f3f0c101000-7f3f0c103000 r--s 00000000 08:06 801177                     /var/cache/fontconfig/4b14b093aebc79c320de5e86ae1d3314-le64.cache-7
7f3f0c103000-7f3f0c116000 r--s 00000000 08:06 801176                     /var/cache/fontconfig/d52a8644073d54c13679302ca1180695-le64.cache-7
7f3f0c116000-7f3f0c117000 r--s 00000000 08:06 801175                     /var/cache/fontconfig/370e5b74bf5dafc30834de68e24a87a4-le64.cache-7
7f3f0c117000-7f3f0c118000 r--s 00000000 08:06 801174                     /var/cache/fontconfig/6b2c5944714ca7831b25bed9e85cb5c8-le64.cache-7
7f3f0c118000-7f3f0c119000 r--s 00000000 08:06 801173                     /var/cache/fontconfig/d5178ab6d91b49bf20a416737dcea9e8-le64.cache-7
7f3f0c119000-7f3f0c11a000 r--s 00000000 08:06 801172                     /var/cache/fontconfig/551ecf3b0e8b0bca0f25c0944f561853-le64.cache-7
7f3f0c11a000-7f3f0c11d000 r--s 00000000 08:06 801171                     /var/cache/fontconfig/f259c2cffa685e28062317905db73c4a-le64.cache-7
7f3f0c11d000-7f3f0c11f000 r--s 00000000 08:06 801170                     /var/cache/fontconfig/550f3886151c940c12a5ed35f6a00586-le64.cache-7
7f3f0c11f000-7f3f0c122000 r--s 00000000 08:06 801169                     /var/cache/fontconfig/674d1711f2d1d2a09646eb0bdcadee49-le64.cache-7
7f3f0c122000-7f3f0c123000 r--s 00000000 08:06 801168                     /var/cache/fontconfig/3f7329c5293ffd510edef78f73874cfd-le64.cache-7
7f3f0c123000-7f3f0c12f000 r--s 00000000 08:06 799572                     /var/cache/fontconfig/d589a48862398ed80a3d6066f4f56f4c-le64.cache-7
7f3f0c12f000-7f3f0c13e000 r--s 00000000 08:06 799570                     /var/cache/fontconfig/076844891e283c872cf364b1a1a8a9a6-le64.cache-7
7f3f0c13e000-7f3f0c161000 r--s 00000000 08:06 795175                     /var/cache/fontconfig/e13b20fdb08344e0e664864cc2ede53d-le64.cache-7
7f3f0c161000-7f3f0c178000 r-xp 00000000 08:06 404940                     /usr/lib/x86_64-linux-gnu/libICE.so.6.3.0
7f3f0c178000-7f3f0c377000 ---p 00017000 08:06 404940                     /usr/lib/x86_64-linux-gnu/libICE.so.6.3.0
7f3f0c377000-7f3f0c378000 r--p 00016000 08:06 404940                     /usr/lib/x86_64-linux-gnu/libICE.so.6.3.0
7f3f0c378000-7f3f0c379000 rw-p 00017000 08:06 404940                     /usr/lib/x86_64-linux-gnu/libICE.so.6.3.0
7f3f0c379000-7f3f0c37c000 rw-p 00000000 00:00 0 
7f3f0c37c000-7f3f0c383000 r-xp 00000000 08:06 403106                     /usr/lib/x86_64-linux-gnu/libSM.so.6.0.1
7f3f0c383000-7f3f0c582000 ---p 00007000 08:06 403106                     /usr/lib/x86_64-linux-gnu/libSM.so.6.0.1
7f3f0c582000-7f3f0c583000 r--p 00006000 08:06 403106                     /usr/lib/x86_64-linux-gnu/libSM.so.6.0.1
7f3f0c583000-7f3f0c584000 rw-p 00007000 08:06 403106                     /usr/lib/x86_64-linux-gnu/libSM.so.6.0.1
7f3f0c584000-7f3f0c631000 r-xp 00000000 08:06 395983                     /usr/lib/x86_64-linux-gnu/libfreetype.so.6.15.0
7f3f0c631000-7f3f0c830000 ---p 000ad000 08:06 395983                     /usr/lib/x86_64-linux-gnu/libfreetype.so.6.15.0
7f3f0c830000-7f3f0c837000 r--p 000ac000 08:06 395983                     /usr/lib/x86_64-linux-gnu/libfreetype.so.6.15.0
7f3f0c837000-7f3f0c838000 rw-p 000b3000 08:06 395983                     /usr/lib/x86_64-linux-gnu/libfreetype.so.6.15.0
7f3f0c838000-7f3f0c869000 r-xp 00000000 08:06 394569                     /usr/lib/x86_64-linux-gnu/libpng16.so.16.34.0
7f3f0c869000-7f3f0ca68000 ---p 00031000 08:06 394569                     /usr/lib/x86_64-linux-gnu/libpng16.so.16.34.0
7f3f0ca68000-7f3f0ca69000 r--p 00030000 08:06 394569                     /usr/lib/x86_64-linux-gnu/libpng16.so.16.34.0
7f3f0ca69000-7f3f0ca6a000 rw-p 00031000 08:06 394569                     /usr/lib/x86_64-linux-gnu/libpng16.so.16.34.0
7f3f0ca6a000-7f3f0cc4a000 r-xp 00000000 08:06 1449926                    /tmp/QtJambi_florent_amd64_4.8.6_gcc-20150115-1633/lib/libcom_trolltech_qt_core.so.1
7f3f0cc4a000-7f3f0ce49000 ---p 001e0000 08:06 1449926                    /tmp/QtJambi_florent_amd64_4.8.6_gcc-20150115-1633/lib/libcom_trolltech_qt_core.so.1
7f3f0ce49000-7f3f0ce5c000 rw-p 001df000 08:06 1449926                    /tmp/QtJambi_florent_amd64_4.8.6_gcc-20150115-1633/lib/libcom_trolltech_qt_core.so.1
7f3f0ce5c000-7f3f0ce5f000 ---p 00000000 00:00 0 
7f3f0ce5f000-7f3f0cf5d000 rw-p 00000000 00:00 0 
7f3f0cf5d000-7f3f0cfa7000 r-xp 00000000 08:06 1449925                    /tmp/QtJambi_florent_amd64_4.8.6_gcc-20150115-1633/lib/libqtjambi.so.1
7f3f0cfa7000-7f3f0d1a6000 ---p 0004a000 08:06 1449925                    /tmp/QtJambi_florent_amd64_4.8.6_gcc-20150115-1633/lib/libqtjambi.so.1
7f3f0d1a6000-7f3f0d1a8000 rw-p 00049000 08:06 1449925                    /tmp/QtJambi_florent_amd64_4.8.6_gcc-20150115-1633/lib/libqtjambi.so.1
7f3f0d1a8000-7f3f0d218000 r-xp 00000000 08:06 138235                     /lib/x86_64-linux-gnu/libpcre.so.3.13.3
7f3f0d218000-7f3f0d418000 ---p 00070000 08:06 138235                     /lib/x86_64-linux-gnu/libpcre.so.3.13.3
7f3f0d418000-7f3f0d419000 r--p 00070000 08:06 138235                     /lib/x86_64-linux-gnu/libpcre.so.3.13.3
7f3f0d419000-7f3f0d41a000 rw-p 00071000 08:06 138235                     /lib/x86_64-linux-gnu/libpcre.so.3.13.3
7f3f0d41a000-7f3f0d431000 r-xp 00000000 08:06 141167                     /lib/x86_64-linux-gnu/libgcc_s.so.1
7f3f0d431000-7f3f0d630000 ---p 00017000 08:06 141167                     /lib/x86_64-linux-gnu/libgcc_s.so.1
7f3f0d630000-7f3f0d631000 r--p 00016000 08:06 141167                     /lib/x86_64-linux-gnu/libgcc_s.so.1
7f3f0d631000-7f3f0d632000 rw-p 00017000 08:06 141167                     /lib/x86_64-linux-gnu/libgcc_s.so.1
7f3f0d632000-7f3f0d7b0000 r-xp 00000000 08:06 399368                     /usr/lib/x86_64-linux-gnu/libstdc++.so.6.0.25
7f3f0d7b0000-7f3f0d9b0000 ---p 0017e000 08:06 399368                     /usr/lib/x86_64-linux-gnu/libstdc++.so.6.0.25
7f3f0d9b0000-7f3f0d9ba000 r--p 0017e000 08:06 399368                     /usr/lib/x86_64-linux-gnu/libstdc++.so.6.0.25
7f3f0d9ba000-7f3f0d9bc000 rw-p 00188000 08:06 399368                     /usr/lib/x86_64-linux-gnu/libstdc++.so.6.0.25
7f3f0d9bc000-7f3f0d9c0000 rw-p 00000000 00:00 0 
7f3f0d9c0000-7f3f0dad3000 r-xp 00000000 08:06 399396                     /usr/lib/x86_64-linux-gnu/libglib-2.0.so.0.5600.1
7f3f0dad3000-7f3f0dcd3000 ---p 00113000 08:06 399396                     /usr/lib/x86_64-linux-gnu/libglib-2.0.so.0.5600.1
7f3f0dcd3000-7f3f0dcd4000 r--p 00113000 08:06 399396                     /usr/lib/x86_64-linux-gnu/libglib-2.0.so.0.5600.1
7f3f0dcd4000-7f3f0dcd5000 rw-p 00114000 08:06 399396                     /usr/lib/x86_64-linux-gnu/libglib-2.0.so.0.5600.1
7f3f0dcd5000-7f3f0dcd6000 rw-p 00000000 00:00 0 
7f3f0dcd6000-7f3f0dcd7000 r-xp 00000000 08:06 402228                     /usr/lib/x86_64-linux-gnu/libgthread-2.0.so.0.5600.1
7f3f0dcd7000-7f3f0ded6000 ---p 00001000 08:06 402228                     /usr/lib/x86_64-linux-gnu/libgthread-2.0.so.0.5600.1
7f3f0ded6000-7f3f0ded7000 r--p 00000000 08:06 402228                     /usr/lib/x86_64-linux-gnu/libgthread-2.0.so.0.5600.1
7f3f0ded7000-7f3f0ded8000 rw-p 00001000 08:06 402228                     /usr/lib/x86_64-linux-gnu/libgthread-2.0.so.0.5600.1
7f3f0ded8000-7f3f0def4000 r-xp 00000000 08:06 140513                     /lib/x86_64-linux-gnu/libz.so.1.2.11
7f3f0def4000-7f3f0e0f3000 ---p 0001c000 08:06 140513                     /lib/x86_64-linux-gnu/libz.so.1.2.11
7f3f0e0f3000-7f3f0e0f4000 r--p 0001b000 08:06 140513                     /lib/x86_64-linux-gnu/libz.so.1.2.11
7f3f0e0f4000-7f3f0e0f5000 rw-p 0001c000 08:06 140513                     /lib/x86_64-linux-gnu/libz.so.1.2.11
7f3f0e0f5000-7f3f0e3cb000 r-xp 00000000 08:06 1449871                    /tmp/QtJambi_florent_amd64_4.8.6_gcc-20150115-1633/lib/libQtCore.so.4
7f3f0e3cb000-7f3f0e5ca000 ---p 002d6000 08:06 1449871                    /tmp/QtJambi_florent_amd64_4.8.6_gcc-20150115-1633/lib/libQtCore.so.4
7f3f0e5ca000-7f3f0e5d6000 rw-p 002d5000 08:06 1449871                    /tmp/QtJambi_florent_amd64_4.8.6_gcc-20150115-1633/lib/libQtCore.so.4
7f3f0e5d6000-7f3f0e5d7000 rw-p 00000000 00:00 0 
7f3f0e5d7000-7f3f0e5d8000 ---p 00000000 00:00 0 
7f3f0e5d8000-7f3f0e6d8000 rw-p 00000000 00:00 0 
7f3f0e6d8000-7f3f0e6db000 ---p 00000000 00:00 0 
7f3f0e6db000-7f3f0e7d9000 rw-p 00000000 00:00 0 
7f3f0e7d9000-7f3f0e7da000 ---p 00000000 00:00 0 
7f3f0e7da000-7f3f0e7dd000 ---p 00000000 00:00 0 
7f3f0e7dd000-7f3f0e8da000 rw-p 00000000 00:00 0 
7f3f0e8da000-7f3f0e8db000 ---p 00000000 00:00 0 
7f3f0e8db000-7f3f0e8de000 ---p 00000000 00:00 0 
7f3f0e8de000-7f3f0e9db000 rw-p 00000000 00:00 0 
7f3f0e9db000-7f3f0e9dc000 ---p 00000000 00:00 0 
7f3f0e9dc000-7f3f0e9df000 ---p 00000000 00:00 0 
7f3f0e9df000-7f3f0eadc000 rw-p 00000000 00:00 0 
7f3f0eadc000-7f3f0eadf000 ---p 00000000 00:00 0 
7f3f0eadf000-7f3f0ebdd000 rw-p 00000000 00:00 0 
7f3f0ebdd000-7f3f0eff0000 r--p 00000000 08:06 397200                     /usr/lib/locale/locale-archive
7f3f0eff0000-7f3f0eff3000 ---p 00000000 00:00 0 
7f3f0eff3000-7f3f0f0f1000 rw-p 00000000 00:00 0 
7f3f0f0f1000-7f3f0f0f4000 ---p 00000000 00:00 0 
7f3f0f0f4000-7f3f0f1f2000 rw-p 00000000 00:00 0 
7f3f0f1f2000-7f3f0f1f3000 ---p 00000000 00:00 0 
7f3f0f1f3000-7f3f10000000 rw-p 00000000 00:00 0 
7f3f10000000-7f3f10021000 rw-p 00000000 00:00 0 
7f3f10021000-7f3f14000000 ---p 00000000 00:00 0 
7f3f14000000-7f3f14021000 rw-p 00000000 00:00 0 
7f3f14021000-7f3f18000000 ---p 00000000 00:00 0 
7f3f18000000-7f3f18021000 rw-p 00000000 00:00 0 
7f3f18021000-7f3f1c000000 ---p 00000000 00:00 0 
7f3f1c000000-7f3f1c004000 r--s 00000000 08:06 799571                     /var/cache/fontconfig/246184dc75a16901ca37d96895904249-le64.cache-7
7f3f1c004000-7f3f1c005000 r--s 00000000 08:06 795978                     /var/cache/fontconfig/30829fa25452a46451e813d634d7f916-le64.cache-7
7f3f1c005000-7f3f1c006000 r--s 00000000 08:06 795977                     /var/cache/fontconfig/0c9eb80ebd1c36541ebe2852d3bb0c49-le64.cache-7
7f3f1c006000-7f3f1c007000 r--s 00000000 08:06 795976                     /var/cache/fontconfig/22368d551a680bfe5a62c02760edf4ea-le64.cache-7
7f3f1c007000-7f3f1c008000 r--s 00000000 08:06 795975                     /var/cache/fontconfig/4d9c95eba1cb85bbcf2878543262124a-le64.cache-7
7f3f1c008000-7f3f1c009000 r--s 00000000 08:06 795971                     /var/cache/fontconfig/85e0a52ce643a7ba2ae53e5d6949cead-le64.cache-7
7f3f1c009000-7f3f1c017000 r--s 00000000 08:06 792954                     /var/cache/fontconfig/9b89f8e3dae116d678bbf48e5f21f69b-le64.cache-7
7f3f1c017000-7f3f1c038000 r--s 00000000 08:06 790258                     /var/cache/fontconfig/467c019e582ee353435ea5c21d137ef6-le64.cache-7
7f3f1c038000-7f3f1c05e000 r--p 00000000 08:06 672014                     /usr/share/locale-langpack/fr/LC_MESSAGES/libc.mo
7f3f1c05e000-7f3f20000000 rw-p 00000000 00:00 0 
7f3f20000000-7f3f20021000 rw-p 00000000 00:00 0 
7f3f20021000-7f3f24000000 ---p 00000000 00:00 0 
7f3f24000000-7f3f24001000 r--s 00000000 08:06 795964                     /var/cache/fontconfig/49f0de54bdd920fe4f0dfd4cbac43e6b-le64.cache-7
7f3f24001000-7f3f24002000 r--s 00000000 08:06 795963                     /var/cache/fontconfig/f6e6e0a5c3d2f6ae0c0c2e0ecd42a997-le64.cache-7
7f3f24002000-7f3f24003000 r--s 00000000 08:06 795166                     /var/cache/fontconfig/4b2eda6bb976bda485cb2176619421d5-le64.cache-7
7f3f24003000-7f3f24005000 r--s 00000000 08:06 792953                     /var/cache/fontconfig/6afa1bb216ce958c1589e297e8008489-le64.cache-7
7f3f24005000-7f3f2400c000 r--s 00000000 08:06 792952                     /var/cache/fontconfig/53d14c92082a93e67d5078324eb314ca-le64.cache-7
7f3f2400c000-7f3f24010000 r--s 00000000 08:06 786502                     /var/cache/fontconfig/7ef2298fde41cc6eeb7af42e48b7d293-le64.cache-7
7f3f24010000-7f3f24013000 r--s 00000000 08:06 801218                     /var/cache/fontconfig/16326683038b281783a0ef8c680e3a10-le64.cache-7
7f3f24013000-7f3f24020000 r--s 00000000 08:06 801217                     /var/cache/fontconfig/8f02d4cb045bd6ce15663e43f347c9f8-le64.cache-7
7f3f24020000-7f3f24027000 r--s 00000000 08:06 682751                     /usr/lib/x86_64-linux-gnu/gconv/gconv-modules.cache
7f3f24027000-7f3f24051000 r--s 002df000 08:08 394272                     /home/florent/eclipse-workspace/lib/qtjambi-4.8.6.1-linux64/qtjambi-4.8.6.jar
7f3f24051000-7f3f240d5000 rw-p 00000000 00:00 0 
7f3f240d5000-7f3f242af000 r--s 03d68000 08:06 539683                     /usr/lib/jvm/java-8-oracle/jre/lib/rt.jar
7f3f242af000-7f3f249a5000 rw-p 00000000 00:00 0 
7f3f249a5000-7f3f24b25000 ---p 00000000 00:00 0 
7f3f24b25000-7f3f24eff000 rw-p 00000000 00:00 0 
7f3f24eff000-7f3f24f00000 ---p 00000000 00:00 0 
7f3f24f00000-7f3f25000000 rw-p 00000000 00:00 0 
7f3f25000000-7f3f25270000 rwxp 00000000 00:00 0 
7f3f25270000-7f3f34000000 ---p 00000000 00:00 0 
7f3f34000000-7f3f34608000 rw-p 00000000 00:00 0 
7f3f34608000-7f3f38000000 ---p 00000000 00:00 0 
7f3f38000000-7f3f38002000 r--s 00000000 08:08 265243                     /home/florent/.cache/fontconfig/4cd00328f95a32c46368cfa09da9c867-le64.cache-7
7f3f38002000-7f3f38004000 r--s 00008000 08:08 394273                     /home/florent/eclipse-workspace/lib/qtjambi-4.8.6.1-linux64/qtjambi-designer-4.8.6.jar
7f3f38004000-7f3f38012000 r--s 0046f000 08:08 394274                     /home/florent/eclipse-workspace/lib/qtjambi-4.8.6.1-linux64/qtjambi-examples-4.8.6.jar
7f3f38012000-7f3f38015000 r--s 01da3000 08:08 394275                     /home/florent/eclipse-workspace/lib/qtjambi-4.8.6.1-linux64/qtjambi-native-linux64-gcc-4.8.6.jar
7f3f38015000-7f3f38018000 r--s 0001a000 08:06 539694                     /usr/lib/jvm/java-8-oracle/jre/lib/jce.jar
7f3f38018000-7f3f3801d000 r--s 0009d000 08:06 539688                     /usr/lib/jvm/java-8-oracle/jre/lib/jsse.jar
7f3f3801d000-7f3f3806c000 rw-p 00000000 00:00 0 
7f3f3806c000-7f3f3806d000 ---p 00000000 00:00 0 
7f3f3806d000-7f3f3816d000 rw-p 00000000 00:00 0 
7f3f3816d000-7f3f3816e000 ---p 00000000 00:00 0 
7f3f3816e000-7f3f3826e000 rw-p 00000000 00:00 0 
7f3f3826e000-7f3f3826f000 ---p 00000000 00:00 0 
7f3f3826f000-7f3f38399000 rw-p 00000000 00:00 0 
7f3f38399000-7f3f38601000 ---p 00000000 00:00 0 
7f3f38601000-7f3f3862b000 rw-p 00000000 00:00 0 
7f3f3862b000-7f3f38892000 ---p 00000000 00:00 0 
7f3f38892000-7f3f388a7000 rw-p 00000000 00:00 0 
7f3f388a7000-7f3f389db000 ---p 00000000 00:00 0 
7f3f389db000-7f3f389e6000 rw-p 00000000 00:00 0 
7f3f389e6000-7f3f38d9c000 ---p 00000000 00:00 0 
7f3f38d9c000-7f3f38db7000 r-xp 00000000 08:06 540644                     /usr/lib/jvm/java-8-oracle/jre/lib/amd64/libzip.so
7f3f38db7000-7f3f38fb7000 ---p 0001b000 08:06 540644                     /usr/lib/jvm/java-8-oracle/jre/lib/amd64/libzip.so
7f3f38fb7000-7f3f38fb8000 rw-p 0001b000 08:06 540644                     /usr/lib/jvm/java-8-oracle/jre/lib/amd64/libzip.so
7f3f38fb8000-7f3f38fc3000 r-xp 00000000 08:06 140466                     /lib/x86_64-linux-gnu/libnss_files-2.27.so
7f3f38fc3000-7f3f391c2000 ---p 0000b000 08:06 140466                     /lib/x86_64-linux-gnu/libnss_files-2.27.so
7f3f391c2000-7f3f391c3000 r--p 0000a000 08:06 140466                     /lib/x86_64-linux-gnu/libnss_files-2.27.so
7f3f391c3000-7f3f391c4000 rw-p 0000b000 08:06 140466                     /lib/x86_64-linux-gnu/libnss_files-2.27.so
7f3f391c4000-7f3f391ca000 rw-p 00000000 00:00 0 
7f3f391ca000-7f3f391e1000 r-xp 00000000 08:06 140462                     /lib/x86_64-linux-gnu/libnsl-2.27.so
7f3f391e1000-7f3f393e0000 ---p 00017000 08:06 140462                     /lib/x86_64-linux-gnu/libnsl-2.27.so
7f3f393e0000-7f3f393e1000 r--p 00016000 08:06 140462                     /lib/x86_64-linux-gnu/libnsl-2.27.so
7f3f393e1000-7f3f393e2000 rw-p 00017000 08:06 140462                     /lib/x86_64-linux-gnu/libnsl-2.27.so
7f3f393e2000-7f3f393e4000 rw-p 00000000 00:00 0 
7f3f393e4000-7f3f393ef000 r-xp 00000000 08:06 140470                     /lib/x86_64-linux-gnu/libnss_nis-2.27.so
7f3f393ef000-7f3f395ee000 ---p 0000b000 08:06 140470                     /lib/x86_64-linux-gnu/libnss_nis-2.27.so
7f3f395ee000-7f3f395ef000 r--p 0000a000 08:06 140470                     /lib/x86_64-linux-gnu/libnss_nis-2.27.so
7f3f395ef000-7f3f395f0000 rw-p 0000b000 08:06 140470                     /lib/x86_64-linux-gnu/libnss_nis-2.27.so
7f3f395f0000-7f3f395f8000 r-xp 00000000 08:06 140464                     /lib/x86_64-linux-gnu/libnss_compat-2.27.so
7f3f395f8000-7f3f397f8000 ---p 00008000 08:06 140464                     /lib/x86_64-linux-gnu/libnss_compat-2.27.so
7f3f397f8000-7f3f397f9000 r--p 00008000 08:06 140464                     /lib/x86_64-linux-gnu/libnss_compat-2.27.so
7f3f397f9000-7f3f397fa000 rw-p 00009000 08:06 140464                     /lib/x86_64-linux-gnu/libnss_compat-2.27.so
7f3f397fa000-7f3f39825000 r-xp 00000000 08:06 540637                     /usr/lib/jvm/java-8-oracle/jre/lib/amd64/libjava.so
7f3f39825000-7f3f39a24000 ---p 0002b000 08:06 540637                     /usr/lib/jvm/java-8-oracle/jre/lib/amd64/libjava.so
7f3f39a24000-7f3f39a26000 rw-p 0002a000 08:06 540637                     /usr/lib/jvm/java-8-oracle/jre/lib/amd64/libjava.so
7f3f39a26000-7f3f39a33000 r-xp 00000000 08:06 540643                     /usr/lib/jvm/java-8-oracle/jre/lib/amd64/libverify.so
7f3f39a33000-7f3f39c33000 ---p 0000d000 08:06 540643                     /usr/lib/jvm/java-8-oracle/jre/lib/amd64/libverify.so
7f3f39c33000-7f3f39c35000 rw-p 0000d000 08:06 540643                     /usr/lib/jvm/java-8-oracle/jre/lib/amd64/libverify.so
7f3f39c35000-7f3f39c3c000 r-xp 00000000 08:06 140475                     /lib/x86_64-linux-gnu/librt-2.27.so
7f3f39c3c000-7f3f39e3b000 ---p 00007000 08:06 140475                     /lib/x86_64-linux-gnu/librt-2.27.so
7f3f39e3b000-7f3f39e3c000 r--p 00006000 08:06 140475                     /lib/x86_64-linux-gnu/librt-2.27.so
7f3f39e3c000-7f3f39e3d000 rw-p 00007000 08:06 140475                     /lib/x86_64-linux-gnu/librt-2.27.so
7f3f39e3d000-7f3f39fda000 r-xp 00000000 08:06 140456                     /lib/x86_64-linux-gnu/libm-2.27.so
7f3f39fda000-7f3f3a1d9000 ---p 0019d000 08:06 140456                     /lib/x86_64-linux-gnu/libm-2.27.so
7f3f3a1d9000-7f3f3a1da000 r--p 0019c000 08:06 140456                     /lib/x86_64-linux-gnu/libm-2.27.so
7f3f3a1da000-7f3f3a1db000 rw-p 0019d000 08:06 140456                     /lib/x86_64-linux-gnu/libm-2.27.so
7f3f3a1db000-7f3f3aeb4000 r-xp 00000000 08:06 540675                     /usr/lib/jvm/java-8-oracle/jre/lib/amd64/server/libjvm.so
7f3f3aeb4000-7f3f3b0b3000 ---p 00cd9000 08:06 540675                     /usr/lib/jvm/java-8-oracle/jre/lib/amd64/server/libjvm.so
7f3f3b0b3000-7f3f3b18d000 rw-p 00cd8000 08:06 540675                     /usr/lib/jvm/java-8-oracle/jre/lib/amd64/server/libjvm.so
7f3f3b18d000-7f3f3b1d8000 rw-p 00000000 00:00 0 
7f3f3b1d8000-7f3f3b3bf000 r-xp 00000000 08:06 140447                     /lib/x86_64-linux-gnu/libc-2.27.so
7f3f3b3bf000-7f3f3b5bf000 ---p 001e7000 08:06 140447                     /lib/x86_64-linux-gnu/libc-2.27.so
7f3f3b5bf000-7f3f3b5c3000 r--p 001e7000 08:06 140447                     /lib/x86_64-linux-gnu/libc-2.27.so
7f3f3b5c3000-7f3f3b5c5000 rw-p 001eb000 08:06 140447                     /lib/x86_64-linux-gnu/libc-2.27.so
7f3f3b5c5000-7f3f3b5c9000 rw-p 00000000 00:00 0 
7f3f3b5c9000-7f3f3b5cc000 r-xp 00000000 08:06 140454                     /lib/x86_64-linux-gnu/libdl-2.27.so
7f3f3b5cc000-7f3f3b7cb000 ---p 00003000 08:06 140454                     /lib/x86_64-linux-gnu/libdl-2.27.so
7f3f3b7cb000-7f3f3b7cc000 r--p 00002000 08:06 140454                     /lib/x86_64-linux-gnu/libdl-2.27.so
7f3f3b7cc000-7f3f3b7cd000 rw-p 00003000 08:06 140454                     /lib/x86_64-linux-gnu/libdl-2.27.so
7f3f3b7cd000-7f3f3b7e3000 r-xp 00000000 08:06 539595                     /usr/lib/jvm/java-8-oracle/lib/amd64/jli/libjli.so
7f3f3b7e3000-7f3f3b9e2000 ---p 00016000 08:06 539595                     /usr/lib/jvm/java-8-oracle/lib/amd64/jli/libjli.so
7f3f3b9e2000-7f3f3b9e3000 rw-p 00015000 08:06 539595                     /usr/lib/jvm/java-8-oracle/lib/amd64/jli/libjli.so
7f3f3b9e3000-7f3f3b9fd000 r-xp 00000000 08:06 140473                     /lib/x86_64-linux-gnu/libpthread-2.27.so
7f3f3b9fd000-7f3f3bbfc000 ---p 0001a000 08:06 140473                     /lib/x86_64-linux-gnu/libpthread-2.27.so
7f3f3bbfc000-7f3f3bbfd000 r--p 00019000 08:06 140473                     /lib/x86_64-linux-gnu/libpthread-2.27.so
7f3f3bbfd000-7f3f3bbfe000 rw-p 0001a000 08:06 140473                     /lib/x86_64-linux-gnu/libpthread-2.27.so
7f3f3bbfe000-7f3f3bc02000 rw-p 00000000 00:00 0 
7f3f3bc02000-7f3f3bc29000 r-xp 00000000 08:06 137090                     /lib/x86_64-linux-gnu/ld-2.27.so
7f3f3bc29000-7f3f3bc2a000 r--s 00000000 08:06 801216                     /var/cache/fontconfig/e0aa53bcfa504e64f87823c16bc01eb6-le64.cache-7
7f3f3bc2a000-7f3f3bc2f000 r--s 00084000 08:06 539660                     /usr/lib/jvm/java-8-oracle/jre/lib/jfr.jar
7f3f3bc2f000-7f3f3bc34000 r--s 002f9000 08:06 539681                     /usr/lib/jvm/java-8-oracle/jre/lib/charsets.jar
7f3f3bc34000-7f3f3bc39000 r--s 0009d000 08:06 539688                     /usr/lib/jvm/java-8-oracle/jre/lib/jsse.jar
7f3f3bc39000-7f3f3bd04000 rw-p 00000000 00:00 0 
7f3f3bd04000-7f3f3bd05000 ---p 00000000 00:00 0 
7f3f3bd05000-7f3f3bd08000 ---p 00000000 00:00 0 
7f3f3bd08000-7f3f3be09000 rw-p 00000000 00:00 0 
7f3f3be09000-7f3f3be0c000 r--s 0001a000 08:06 539694                     /usr/lib/jvm/java-8-oracle/jre/lib/jce.jar
7f3f3be0c000-7f3f3be1f000 r--s 00345000 08:06 539687                     /usr/lib/jvm/java-8-oracle/jre/lib/resources.jar
7f3f3be1f000-7f3f3be27000 rw-s 00000000 08:06 1449824                    /tmp/hsperfdata_florent/4581 (deleted)
7f3f3be27000-7f3f3be28000 rw-p 00000000 00:00 0 
7f3f3be28000-7f3f3be29000 ---p 00000000 00:00 0 
7f3f3be29000-7f3f3be2a000 r--p 00027000 08:06 137090                     /lib/x86_64-linux-gnu/ld-2.27.so
7f3f3be2a000-7f3f3be2b000 rw-p 00028000 08:06 137090                     /lib/x86_64-linux-gnu/ld-2.27.so
7f3f3be2b000-7f3f3be2c000 rw-p 00000000 00:00 0 
7ffc03a37000-7ffc03a58000 rw-p 00000000 00:00 0                          [stack]
7ffc03aa5000-7ffc03aa8000 r--p 00000000 00:00 0                          [vvar]
7ffc03aa8000-7ffc03aaa000 r-xp 00000000 00:00 0                          [vdso]
ffffffffff600000-ffffffffff601000 r-xp 00000000 00:00 0                  [vsyscall]

VM Arguments:
jvm_args: -Dfile.encoding=UTF-8 
java_command: GUI
java_class_path (initial): /usr/lib/jvm/java-8-oracle/jre/lib/resources.jar:/usr/lib/jvm/java-8-oracle/jre/lib/rt.jar:/usr/lib/jvm/java-8-oracle/jre/lib/jsse.jar:/usr/lib/jvm/java-8-oracle/jre/lib/jce.jar:/usr/lib/jvm/java-8-oracle/jre/lib/charsets.jar:/usr/lib/jvm/java-8-oracle/jre/lib/jfr.jar:/usr/lib/jvm/java-8-oracle/jre/lib/ext/nashorn.jar:/usr/lib/jvm/java-8-oracle/jre/lib/ext/sunjce_provider.jar:/usr/lib/jvm/java-8-oracle/jre/lib/ext/localedata.jar:/usr/lib/jvm/java-8-oracle/jre/lib/ext/jaccess.jar:/usr/lib/jvm/java-8-oracle/jre/lib/ext/dnsns.jar:/usr/lib/jvm/java-8-oracle/jre/lib/ext/zipfs.jar:/usr/lib/jvm/java-8-oracle/jre/lib/ext/sunec.jar:/usr/lib/jvm/java-8-oracle/jre/lib/ext/cldrdata.jar:/usr/lib/jvm/java-8-oracle/jre/lib/ext/sunpkcs11.jar:/usr/lib/jvm/java-8-oracle/jre/lib/ext/jfxrt.jar:/home/florent/IMT/PRIME/Base-roulante/Trajectoire/bin:/home/florent/eclipse-workspace/lib/qtjambi-4.8.6.1-linux64/qtjambi-4.8.6.jar:/home/florent/eclipse-workspace/lib/qtjambi-4.8.6.1-linux64/qtjambi-native-linux64-gcc-4.8.6.jar:/home/florent/eclipse-workspace/lib/qtjambi-4.8.6.1-linux64/qtjambi-examples-4.8.6.jar:/home/florent/eclipse-workspace/lib/qtjambi-4.8.6.1-linux64/qtjambi-designer-4.8.6.jar
Launcher Type: SUN_STANDARD

Environment Variables:
JAVA_HOME=/usr/lib/jvm/java-8-oracle
PATH=/usr/local/sbin:/usr/local/bin:/usr/sbin:/usr/bin:/sbin:/bin:/usr/games:/usr/local/games:/snap/bin:/usr/lib/jvm/java-8-oracle/bin:/usr/lib/jvm/java-8-oracle/db/bin:/usr/lib/jvm/java-8-oracle/jre/bin
USERNAME=florent
SHELL=/bin/bash
DISPLAY=:1

Signal Handlers:
SIGSEGV: [libjvm.so+0xad0890], sa_mask[0]=11111111011111111101111111111110, sa_flags=SA_RESTART|SA_SIGINFO
SIGBUS: [libjvm.so+0xad0890], sa_mask[0]=11111111011111111101111111111110, sa_flags=SA_RESTART|SA_SIGINFO
SIGFPE: [libjvm.so+0x928640], sa_mask[0]=11111111011111111101111111111110, sa_flags=SA_RESTART|SA_SIGINFO
SIGPIPE: [libjvm.so+0x928640], sa_mask[0]=11111111011111111101111111111110, sa_flags=SA_RESTART|SA_SIGINFO
SIGXFSZ: [libjvm.so+0x928640], sa_mask[0]=11111111011111111101111111111110, sa_flags=SA_RESTART|SA_SIGINFO
SIGILL: [libjvm.so+0x928640], sa_mask[0]=11111111011111111101111111111110, sa_flags=SA_RESTART|SA_SIGINFO
SIGUSR1: SIG_DFL, sa_mask[0]=00000000000000000000000000000000, sa_flags=none
SIGUSR2: [libjvm.so+0x929ea0], sa_mask[0]=00100000000000000000000000000000, sa_flags=SA_RESTART|SA_SIGINFO
SIGHUP: [libjvm.so+0x92b2a0], sa_mask[0]=11111111011111111101111111111110, sa_flags=SA_RESTART|SA_SIGINFO
SIGINT: [libjvm.so+0x92b2a0], sa_mask[0]=11111111011111111101111111111110, sa_flags=SA_RESTART|SA_SIGINFO
SIGTERM: [libjvm.so+0x92b2a0], sa_mask[0]=11111111011111111101111111111110, sa_flags=SA_RESTART|SA_SIGINFO
SIGQUIT: [libjvm.so+0x92b2a0], sa_mask[0]=11111111011111111101111111111110, sa_flags=SA_RESTART|SA_SIGINFO


---------------  S Y S T E M  ---------------

OS:DISTRIB_ID=Ubuntu
DISTRIB_RELEASE=18.04
DISTRIB_CODENAME=bionic
DISTRIB_DESCRIPTION="Ubuntu 18.04 LTS"

uname:Linux 4.15.0-22-generic #24-Ubuntu SMP Wed May 16 12:15:17 UTC 2018 x86_64
libc:glibc 2.27 NPTL 2.27 
rlimit: STACK 8192k, CORE 0k, NPROC 30026, NOFILE 1048576, AS infinity
load average:0,58 0,97 0,70

/proc/meminfo:
MemTotal:        8076664 kB
MemFree:         3959044 kB
MemAvailable:    5439164 kB
Buffers:          113680 kB
Cached:          1346656 kB
SwapCached:            0 kB
Active:          2551600 kB
Inactive:        1205492 kB
Active(anon):    1999920 kB
Inactive(anon):   101140 kB
Active(file):     551680 kB
Inactive(file):  1104352 kB
Unevictable:          48 kB
Mlocked:              48 kB
SwapTotal:      10000380 kB
SwapFree:       10000380 kB
Dirty:             89060 kB
Writeback:             0 kB
AnonPages:       2297012 kB
Mapped:           524388 kB
Shmem:            102500 kB
Slab:             149904 kB
SReclaimable:      88808 kB
SUnreclaim:        61096 kB
KernelStack:       13776 kB
PageTables:        53724 kB
NFS_Unstable:          0 kB
Bounce:                0 kB
WritebackTmp:          0 kB
CommitLimit:    14038712 kB
Committed_AS:    8135440 kB
VmallocTotal:   34359738367 kB
VmallocUsed:           0 kB
VmallocChunk:          0 kB
HardwareCorrupted:     0 kB
AnonHugePages:         0 kB
ShmemHugePages:        0 kB
ShmemPmdMapped:        0 kB
CmaTotal:              0 kB
CmaFree:               0 kB
HugePages_Total:       0
HugePages_Free:        0
HugePages_Rsvd:        0
HugePages_Surp:        0
Hugepagesize:       2048 kB
DirectMap4k:      316240 kB
DirectMap2M:     5883904 kB
DirectMap1G:     2097152 kB


CPU:total 4 (initial active 4) (2 cores per cpu, 2 threads per core) family 6 model 61 stepping 4, cmov, cx8, fxsr, mmx, sse, sse2, sse3, ssse3, sse4.1, sse4.2, popcnt, avx, avx2, aes, clmul, erms, 3dnowpref, lzcnt, ht, tsc, tscinvbit, bmi1, bmi2, adx

/proc/cpuinfo:
processor	: 0
vendor_id	: GenuineIntel
cpu family	: 6
model		: 61
model name	: Intel(R) Core(TM) i7-5500U CPU @ 2.40GHz
stepping	: 4
microcode	: 0x2a
cpu MHz		: 2293.460
cache size	: 4096 KB
physical id	: 0
siblings	: 4
core id		: 0
cpu cores	: 2
apicid		: 0
initial apicid	: 0
fpu		: yes
fpu_exception	: yes
cpuid level	: 20
wp		: yes
flags		: fpu vme de pse tsc msr pae mce cx8 apic sep mtrr pge mca cmov pat pse36 clflush dts acpi mmx fxsr sse sse2 ss ht tm pbe syscall nx pdpe1gb rdtscp lm constant_tsc arch_perfmon pebs bts rep_good nopl xtopology nonstop_tsc cpuid aperfmperf pni pclmulqdq dtes64 monitor ds_cpl vmx est tm2 ssse3 sdbg fma cx16 xtpr pdcm pcid sse4_1 sse4_2 x2apic movbe popcnt tsc_deadline_timer aes xsave avx f16c rdrand lahf_lm abm 3dnowprefetch cpuid_fault epb invpcid_single pti tpr_shadow vnmi flexpriority ept vpid fsgsbase tsc_adjust bmi1 avx2 smep bmi2 erms invpcid rdseed adx smap intel_pt xsaveopt ibpb ibrs stibp dtherm ida arat pln pts
bugs		: cpu_meltdown spectre_v1 spectre_v2 spec_store_bypass
bogomips	: 4789.13
clflush size	: 64
cache_alignment	: 64
address sizes	: 39 bits physical, 48 bits virtual
power management:

processor	: 1
vendor_id	: GenuineIntel
cpu family	: 6
model		: 61
model name	: Intel(R) Core(TM) i7-5500U CPU @ 2.40GHz
stepping	: 4
microcode	: 0x2a
cpu MHz		: 2291.262
cache size	: 4096 KB
physical id	: 0
siblings	: 4
core id		: 1
cpu cores	: 2
apicid		: 2
initial apicid	: 2
fpu		: yes
fpu_exception	: yes
cpuid level	: 20
wp		: yes
flags		: fpu vme de pse tsc msr pae mce cx8 apic sep mtrr pge mca cmov pat pse36 clflush dts acpi mmx fxsr sse sse2 ss ht tm pbe syscall nx pdpe1gb rdtscp lm constant_tsc arch_perfmon pebs bts rep_good nopl xtopology nonstop_tsc cpuid aperfmperf pni pclmulqdq dtes64 monitor ds_cpl vmx est tm2 ssse3 sdbg fma cx16 xtpr pdcm pcid sse4_1 sse4_2 x2apic movbe popcnt tsc_deadline_timer aes xsave avx f16c rdrand lahf_lm abm 3dnowprefetch cpuid_fault epb invpcid_single pti tpr_shadow vnmi flexpriority ept vpid fsgsbase tsc_adjust bmi1 avx2 smep bmi2 erms invpcid rdseed adx smap intel_pt xsaveopt ibpb ibrs stibp dtherm ida arat pln pts
bugs		: cpu_meltdown spectre_v1 spectre_v2 spec_store_bypass
bogomips	: 4789.13
clflush size	: 64
cache_alignment	: 64
address sizes	: 39 bits physical, 48 bits virtual
power management:

processor	: 2
vendor_id	: GenuineIntel
cpu family	: 6
model		: 61
model name	: Intel(R) Core(TM) i7-5500U CPU @ 2.40GHz
stepping	: 4
microcode	: 0x2a
cpu MHz		: 2276.040
cache size	: 4096 KB
physical id	: 0
siblings	: 4
core id		: 0
cpu cores	: 2
apicid		: 1
initial apicid	: 1
fpu		: yes
fpu_exception	: yes
cpuid level	: 20
wp		: yes
flags		: fpu vme de pse tsc msr pae mce cx8 apic sep mtrr pge mca cmov pat pse36 clflush dts acpi mmx fxsr sse sse2 ss ht tm pbe syscall nx pdpe1gb rdtscp lm constant_tsc arch_perfmon pebs bts rep_good nopl xtopology nonstop_tsc cpuid aperfmperf pni pclmulqdq dtes64 monitor ds_cpl vmx est tm2 ssse3 sdbg fma cx16 xtpr pdcm pcid sse4_1 sse4_2 x2apic movbe popcnt tsc_deadline_timer aes xsave avx f16c rdrand lahf_lm abm 3dnowprefetch cpuid_fault epb invpcid_single pti tpr_shadow vnmi flexpriority ept vpid fsgsbase tsc_adjust bmi1 avx2 smep bmi2 erms invpcid rdseed adx smap intel_pt xsaveopt ibpb ibrs stibp dtherm ida arat pln pts
bugs		: cpu_meltdown spectre_v1 spectre_v2 spec_store_bypass
bogomips	: 4789.13
clflush size	: 64
cache_alignment	: 64
address sizes	: 39 bits physical, 48 bits virtual
power management:

processor	: 3
vendor_id	: GenuineIntel
cpu family	: 6
model		: 61
model name	: Intel(R) Core(TM) i7-5500U CPU @ 2.40GHz
stepping	: 4
microcode	: 0x2a
cpu MHz		: 2184.938
cache size	: 4096 KB
physical id	: 0
siblings	: 4
core id		: 1
cpu cores	: 2
apicid		: 3
initial apicid	: 3
fpu		: yes
fpu_exception	: yes
cpuid level	: 20
wp		: yes
flags		: fpu vme de pse tsc msr pae mce cx8 apic sep mtrr pge mca cmov pat pse36 clflush dts acpi mmx fxsr sse sse2 ss ht tm pbe syscall nx pdpe1gb rdtscp lm constant_tsc arch_perfmon pebs bts rep_good nopl xtopology nonstop_tsc cpuid aperfmperf pni pclmulqdq dtes64 monitor ds_cpl vmx est tm2 ssse3 sdbg fma cx16 xtpr pdcm pcid sse4_1 sse4_2 x2apic movbe popcnt tsc_deadline_timer aes xsave avx f16c rdrand lahf_lm abm 3dnowprefetch cpuid_fault epb invpcid_single pti tpr_shadow vnmi flexpriority ept vpid fsgsbase tsc_adjust bmi1 avx2 smep bmi2 erms invpcid rdseed adx smap intel_pt xsaveopt ibpb ibrs stibp dtherm ida arat pln pts
bugs		: cpu_meltdown spectre_v1 spectre_v2 spec_store_bypass
bogomips	: 4789.13
clflush size	: 64
cache_alignment	: 64
address sizes	: 39 bits physical, 48 bits virtual
power management:



Memory: 4k page, physical 8076664k(3959044k free), swap 10000380k(10000380k free)

vm_info: Java HotSpot(TM) 64-Bit Server VM (25.171-b11) for linux-amd64 JRE (1.8.0_171-b11), built on Mar 28 2018 17:07:08 by "java_re" with gcc 4.3.0 20080428 (Red Hat 4.3.0-8)

time: Thu May 24 11:19:27 2018
elapsed time: 1 seconds (0d 0h 0m 1s)

